<?xml version="1.0" encoding="UTF-8" ?>
<testsuite failures="1" time="0.917" errors="0" skipped="0" tests="1" name="olutopas.BeerTest">
  <properties>
[...]
</properties>
  <testcase time="0.871" classname="olutopas.BeerTest" name="brewerySavedCorrectly">
    <failure message="expected:&lt;2&gt; but was:&lt;0&gt;" type="java.lang.AssertionError">java.lang.AssertionError: expected:&lt;2&gt; but was:&lt;0&gt;
	at org.junit.Assert.fail(Assert.java:93)
	at org.junit.Assert.failNotEquals(Assert.java:647)
	at org.junit.Assert.assertEquals(Assert.java:128)
	at org.junit.Assert.assertEquals(Assert.java:472)
	at org.junit.Assert.assertEquals(Assert.java:456)
	at olutopas.BeerTest.brewerySavedCorrectly(BeerTest.java:58)
	at sun.reflect.NativeMethodAccessorImpl.invoke0(Native Method)
	at sun.reflect.NativeMethodAccessorImpl.invoke(NativeMethodAccessorImpl.java:57)
	at sun.reflect.DelegatingMethodAccessorImpl.invoke(DelegatingMethodAccessorImpl.java:43)
	at java.lang.reflect.Method.invoke(Method.java:601)
	at org.junit.runners.model.FrameworkMethod$1.runReflectiveCall(FrameworkMethod.java:45)
	at org.junit.internal.runners.model.ReflectiveCallable.run(ReflectiveCallable.java:15)
	at org.junit.runners.model.FrameworkMethod.invokeExplosively(FrameworkMethod.java:42)
	at org.junit.internal.runners.statements.InvokeMethod.evaluate(InvokeMethod.java:20)
	at org.junit.internal.runners.statements.RunBefores.evaluate(RunBefores.java:28)
	at org.junit.runners.ParentRunner.runLeaf(ParentRunner.java:263)
	at org.junit.runners.BlockJUnit4ClassRunner.runChild(BlockJUnit4ClassRunner.java:68)
	at org.junit.runners.BlockJUnit4ClassRunner.runChild(BlockJUnit4ClassRunner.java:47)
	at org.junit.runners.ParentRunner$3.run(ParentRunner.java:231)
	at org.junit.runners.ParentRunner$1.schedule(ParentRunner.java:60)
	at org.junit.runners.ParentRunner.runChildren(ParentRunner.java:229)
	at org.junit.runners.ParentRunner.access$000(ParentRunner.java:50)
	at org.junit.runners.ParentRunner$2.evaluate(ParentRunner.java:222)
	at org.junit.runners.ParentRunner.run(ParentRunner.java:300)
	at org.apache.maven.surefire.junit4.JUnit4TestSet.execute(JUnit4TestSet.java:53)
	at org.apache.maven.surefire.junit4.JUnit4Provider.executeTestSet(JUnit4Provider.java:123)
	at org.apache.maven.surefire.junit4.JUnit4Provider.invoke(JUnit4Provider.java:104)
	at sun.reflect.NativeMethodAccessorImpl.invoke0(Native Method)
	at sun.reflect.NativeMethodAccessorImpl.invoke(NativeMethodAccessorImpl.java:57)
	at sun.reflect.DelegatingMethodAccessorImpl.invoke(DelegatingMethodAccessorImpl.java:43)
	at java.lang.reflect.Method.invoke(Method.java:601)
	at org.apache.maven.surefire.util.ReflectionUtils.invokeMethodWithArray(ReflectionUtils.java:164)
	at org.apache.maven.surefire.booter.ProviderFactory$ProviderProxy.invoke(ProviderFactory.java:110)
	at org.apache.maven.surefire.booter.SurefireStarter.invokeProvider(SurefireStarter.java:175)
	at org.apache.maven.surefire.booter.SurefireStarter.runSuitesInProcessWhenForked(SurefireStarter.java:107)
	at org.apache.maven.surefire.booter.ForkedBooter.main(ForkedBooter.java:68)
</failure>
    <system-out>==============================
create table beer (
  id                        integer not null,
  name                      varchar(255),
  brewery_id                integer,
  constraint pk_beer primary key (id))
;

create table brewery (
  id                        integer not null,
  name                      varchar(255),
  constraint pk_brewery primary key (id))
;

create table pub (
  id                        integer not null,
  name                      varchar(255),
  constraint pk_pub primary key (id))
;

create table user (
  id                        integer not null,
  name                      varchar(255),
  constraint pk_user primary key (id))
;


create table pub_beer (
  pub_id                         integer not null,
  beer_id                        integer not null,
  constraint pk_pub_beer primary key (pub_id, beer_id))
;
create sequence beer_seq;

create sequence brewery_seq;

create sequence pub_seq;

create sequence user_seq;

alter table beer add constraint fk_beer_brewery_1 foreign key (brewery_id) references brewery (id) on delete restrict on update restrict;
create index ix_beer_brewery_1 on beer (brewery_id);



alter table pub_beer add constraint fk_pub_beer_pub_01 foreign key (pub_id) references pub (id) on delete restrict on update restrict;

alter table pub_beer add constraint fk_pub_beer_beer_02 foreign key (beer_id) references beer (id) on delete restrict on update restrict;

==============================
</system-out>
    <system-err>huhti 27, 2013 4:51:18 IP. com.avaje.ebean.config.PropertyMapLoader load
SEVERE: ebean.properties not found
huhti 27, 2013 4:51:18 IP. com.avaje.ebeaninternal.api.ClassLoadContext getDefault
INFO: Ambiguous ClassLoader choice preferContext:true Context:sun.misc.Launcher$AppClassLoader Caller:org.apache.maven.surefire.booter.IsolatedClassLoader
huhti 27, 2013 4:51:18 IP. com.avaje.ebeaninternal.server.lib.sql.DataSourcePool initialise
INFO: DataSourcePool [beerDb] autoCommit[false] transIsolation[READ_COMMITTED] min[2] max[20]
huhti 27, 2013 4:51:18 IP. com.avaje.ebeaninternal.server.core.DefaultServerFactory setDatabasePlatform
INFO: DatabasePlatform name:beerDb platform:h2
huhti 27, 2013 4:51:18 IP. com.avaje.ebeaninternal.api.ClassLoadContext getDefault
INFO: Ambiguous ClassLoader choice preferContext:true Context:sun.misc.Launcher$AppClassLoader Caller:org.apache.maven.surefire.booter.IsolatedClassLoader
huhti 27, 2013 4:51:18 IP. com.avaje.ebeaninternal.api.ClassUtil getClassLoader
INFO: Ambigous ClassLoader (Context vs Caller) chosen sun.misc.Launcher$AppClassLoader@5d0769dd
huhti 27, 2013 4:51:18 IP. com.avaje.ebeaninternal.server.subclass.SubClassManager$1 run
INFO: SubClassFactory parent ClassLoader [sun.misc.Launcher$AppClassLoader]
huhti 27, 2013 4:51:18 IP. com.avaje.ebeaninternal.api.ClassLoadContext getDefault
INFO: Ambiguous ClassLoader choice preferContext:true Context:sun.misc.Launcher$AppClassLoader Caller:org.apache.maven.surefire.booter.IsolatedClassLoader
huhti 27, 2013 4:51:18 IP. com.avaje.ebeaninternal.server.deploy.BeanDescriptorManager logStatus
INFO: Entities enhanced[4] subclassed[0]
huhti 27, 2013 4:51:18 IP. com.avaje.ebeaninternal.server.ddl.CreateTableVisitor writeTableName
WARNING: Table name [user] is a suspected SQL reserved word for bean olutopas.model.User
huhti 27, 2013 4:51:18 IP. com.avaje.ebeaninternal.server.ddl.DdlGenerator runScript
INFO: Running DDL
huhti 27, 2013 4:51:18 IP. com.avaje.ebeaninternal.server.ddl.DdlGenerator runScript
INFO: Running DDL Complete
huhti 27, 2013 4:51:18 IP. com.avaje.ebeaninternal.server.ddl.DdlGenerator runScript
INFO: Running DDL
huhti 27, 2013 4:51:18 IP. com.avaje.ebeaninternal.server.ddl.DdlGenerator runScript
INFO: Running DDL Complete
</system-err>
  </testcase>
</testsuite>